<?xml version="1.0" encoding="UTF-8"?>
<!-- Generated by org.testng.reporters.JUnitReportReporter -->
<testsuite skipped="1" hostname="RUKKUSADHU-PC" name="testNGPackage.Demo" tests="3" failures="0" timestamp="29 May 2019 10:46:32 GMT" time="0.028" errors="0">
  <testcase name="createUser" time="0.026" classname="testNGPackage.Demo"/>
  <testcase name="deleteUser" time="0.002" classname="testNGPackage.Demo"/>
  <testcase name="eidituser" classname="testNGPackage.Demo">
    <skipped/>
  </testcase> <!-- eidituser -->
</testsuite> <!-- testNGPackage.Demo -->
