<?xml version="1.0" encoding="UTF-8"?>
<!-- Generated by org.testng.reporters.JUnitReportReporter -->
<testsuite skipped="0" hostname="RUKKUSADHU-PC" name="testNGPackage.CrossCompatibilityTesting" tests="2" failures="0" timestamp="22 Apr 2019 18:22:52 GMT" time="39.997" errors="0">
  <testcase name="runInMultiplebrowsers" time="21.647" classname="testNGPackage.CrossCompatibilityTesting"/>
  <testcase name="runInMultiplebrowsers" time="18.350" classname="testNGPackage.CrossCompatibilityTesting"/>
</testsuite> <!-- testNGPackage.CrossCompatibilityTesting -->
