<?xml version="1.0" encoding="UTF-8"?>
<!-- Generated by org.testng.reporters.JUnitReportReporter -->
<testsuite skipped="0" hostname="RUKKUSADHU-PC" name="testNGPackage.Sequance2" tests="3" failures="0" timestamp="10 Apr 2019 17:28:02 GMT" time="0.011" errors="0">
  <testcase name="f" time="0.002" classname="testNGPackage.Sequance2"/>
  <testcase name="f" time="0.006" classname="testNGPackage.Sequance2"/>
  <testcase name="f1" time="0.003" classname="testNGPackage.Sequance2"/>
</testsuite> <!-- testNGPackage.Sequance2 -->
