<?xml version="1.0" encoding="UTF-8"?>
<!-- Generated by org.testng.reporters.JUnitReportReporter -->
<testsuite skipped="0" hostname="RUKKUSADHU-PC" name="testNGPackage.After" tests="1" failures="0" timestamp="11 Apr 2019 05:36:58 GMT" time="0.017" errors="0">
  <testcase name="logto" time="0.017" classname="testNGPackage.After"/>
</testsuite> <!-- testNGPackage.After -->
