<?xml version="1.0" encoding="UTF-8"?>
<!-- Generated by org.testng.reporters.JUnitReportReporter -->
<testsuite skipped="0" hostname="RUKKUSADHU-PC" name="testNGPackage.DataProviderdemo" tests="2" failures="0" timestamp="10 Apr 2019 14:28:34 GMT" time="0.011" errors="0">
  <testcase name="teatlogin" time="0.009" classname="testNGPackage.DataProviderdemo"/>
  <testcase name="teatlogin" time="0.002" classname="testNGPackage.DataProviderdemo"/>
</testsuite> <!-- testNGPackage.DataProviderdemo -->
