<?xml version="1.0" encoding="UTF-8"?>
<!-- Generated by org.testng.reporters.JUnitReportReporter -->
<testsuite skipped="0" hostname="RUKKUSADHU-PC" name="testNGPackage.ModuleWiseExecutionDemo" tests="1" failures="0" timestamp="10 Apr 2019 16:26:17 GMT" time="0.010" errors="0">
  <testcase name="createproduct" time="0.010" classname="testNGPackage.ModuleWiseExecutionDemo"/>
</testsuite> <!-- testNGPackage.ModuleWiseExecutionDemo -->
