<?xml version="1.0" encoding="UTF-8"?>
<!-- Generated by org.testng.reporters.JUnitReportReporter -->
<testsuite skipped="0" hostname="RUKKUSADHU-PC" name="testNGPackage.DPUsingSuiteFileDemo" tests="1" failures="0" timestamp="10 Apr 2019 14:11:06 GMT" time="0.012" errors="0">
  <testcase name="takeDataFromSuiteFile" time="0.012" classname="testNGPackage.DPUsingSuiteFileDemo"/>
</testsuite> <!-- testNGPackage.DPUsingSuiteFileDemo -->
