<?xml version="1.0" encoding="UTF-8"?>
<!-- Generated by org.testng.reporters.JUnitReportReporter -->
<testsuite skipped="0" hostname="RUKKUSADHU-PC" name="testNGPackage.SequanceOfAnnotations" tests="2" failures="0" timestamp="10 Apr 2019 17:03:48 GMT" time="0.010" errors="0">
  <testcase name="f1" time="0.003" classname="testNGPackage.SequanceOfAnnotations"/>
  <testcase name="f" time="0.007" classname="testNGPackage.SequanceOfAnnotations"/>
</testsuite> <!-- testNGPackage.SequanceOfAnnotations -->
