<?xml version="1.0" encoding="UTF-8"?>
<!-- Generated by org.testng.reporters.JUnitReportReporter -->
<testsuite skipped="0" hostname="RUKKUSADHU-PC" name="testNGPackage.MethodAnnotations" tests="1" failures="0" timestamp="11 Apr 2019 06:26:22 GMT" time="12.394" errors="0">
  <testcase name="enter" time="12.394" classname="testNGPackage.MethodAnnotations"/>
</testsuite> <!-- testNGPackage.MethodAnnotations -->
