<?xml version="1.0" encoding="UTF-8"?>
<!-- Generated by org.testng.reporters.JUnitReportReporter -->
<testsuite skipped="0" hostname="RUKKUSADHU-PC" name="testNGPackage.PrintB" tests="1" failures="0" timestamp="10 Apr 2019 17:40:20 GMT" time="0.002" errors="0">
  <testcase name="printb" time="0.002" classname="testNGPackage.PrintB"/>
</testsuite> <!-- testNGPackage.PrintB -->
