<?xml version="1.0" encoding="UTF-8"?>
<!-- Generated by org.testng.reporters.JUnitReportReporter -->
<testsuite skipped="0" hostname="RUKKUSADHU-PC" name="testNGPackage.CrossPlatFormTest" tests="2" failures="0" timestamp="22 Apr 2019 19:13:54 GMT" time="23.618" errors="0">
  <testcase name="runInMultipleOsAndBrowsers" time="12.323" classname="testNGPackage.CrossPlatFormTest"/>
  <testcase name="runInMultipleOsAndBrowsers" time="11.295" classname="testNGPackage.CrossPlatFormTest"/>
</testsuite> <!-- testNGPackage.CrossPlatFormTest -->
